<?xml version="1.0" encoding="UTF-8"?>
<!-- Generated by org.testng.reporters.JUnitReportReporter -->
<testsuite hostname="LAPTOP-KOMAL" failures="0" tests="1" name="testOrangeHRM.TestClass2ORHM" time="18.454" errors="0" timestamp="2023-01-19T15:46:36 ICT" skipped="0">
  <testcase classname="testOrangeHRM.TestClass2ORHM" name="VerifyAddPayGrades" time="18.454"/>
  <system-out/>
</testsuite> <!-- testOrangeHRM.TestClass2ORHM -->
