<?xml version="1.0" encoding="UTF-8"?>
<!-- Generated by org.testng.reporters.JUnitReportReporter -->
<testsuite hostname="LAPTOP-KOMAL" failures="0" tests="1" name="testOrangeHRM.TestClassORHM" time="10.108" errors="0" timestamp="2023-01-19T15:46:36 ICT" skipped="0">
  <testcase classname="testOrangeHRM.TestClassORHM" name="VerifySerchWithPartialText" time="10.108"/>
  <system-out/>
</testsuite> <!-- testOrangeHRM.TestClassORHM -->
